=== ETL LOAD AUDIT ===
[audit_id=1] dag=manual_stg_input run=manual_input_stg_20260213_092839 layer=STG entity=raw_football_api status=STARTED started=2026-02-13 12:28:39.679801 finished=None rows=None message=None
[audit_id=2] dag=manual_stg_input run=manual_input_stg_20260213_092839 layer=STG entity=raw_football_api status=SUCCESS started=2026-02-13 12:28:40.559579 finished=2026-02-13 12:28:40.559579 rows=116 message=None
[audit_id=3] dag=manual_dds_input run=manual_input_dds_20260213_092839 layer=DDS entity=ALL status=STARTED started=2026-02-13 12:28:40.611061 finished=None rows=None message=None
[audit_id=4] dag=manual_dds_input run=manual_input_dds_20260213_092839 layer=DDS entity=dim_area status=SUCCESS started=2026-02-13 12:28:40.618334 finished=2026-02-13 12:28:40.618334 rows=272 message=None
[audit_id=5] dag=manual_dds_input run=manual_input_dds_20260213_092839 layer=DDS entity=dim_competition status=SUCCESS started=2026-02-13 12:28:40.622439 finished=2026-02-13 12:28:40.622439 rows=13 message=None
[audit_id=6] dag=manual_dds_input run=manual_input_dds_20260213_092839 layer=DDS entity=dim_team status=SUCCESS started=2026-02-13 12:28:40.632739 finished=2026-02-13 12:28:40.632739 rows=262 message=None
[audit_id=7] dag=manual_dds_input run=manual_input_dds_20260213_092839 layer=DDS entity=dim_season status=SUCCESS started=2026-02-13 12:28:40.657651 finished=2026-02-13 12:28:40.657651 rows=29 message=None
[audit_id=8] dag=manual_dds_input run=manual_input_dds_20260213_092839 layer=DDS entity=fact_match status=SUCCESS started=2026-02-13 12:28:40.835436 finished=2026-02-13 12:28:40.835436 rows=10178 message=None
[audit_id=9] dag=manual_dds_input run=manual_input_dds_20260213_092839 layer=DDS entity=fact_match_score status=SUCCESS started=2026-02-13 12:28:40.916323 finished=2026-02-13 12:28:40.916323 rows=10178 message=None
[audit_id=10] dag=manual_dds_input run=manual_input_dds_20260213_092839 layer=DDS entity=fact_standing status=SUCCESS started=2026-02-13 12:28:40.992203 finished=2026-02-13 12:28:40.992203 rows=1584 message=None
[audit_id=11] dag=manual_dds_input run=manual_input_dds_20260213_092839 layer=DDS entity=ALL status=SUCCESS started=2026-02-13 12:28:40.995340 finished=2026-02-13 12:28:40.995340 rows=None message=None

=== ETL BATCH STATUS ===
[batch_id=1] dag=manual_stg_input run=manual_input_stg_20260213_092839 parent=manual_input_stg_20260213_092839 layer=STG status=SUCCESS attempts=1 created=2026-02-13 12:28:39.683611 updated=2026-02-13 12:28:40.557192 error=None
[batch_id=4] dag=manual_dds_input run=manual_input_dds_20260213_092839 parent=manual_input_stg_20260213_092839 layer=DDS status=SUCCESS attempts=1 created=2026-02-13 12:28:40.584545 updated=2026-02-13 12:28:40.998427 error=None
[batch_id=7] dag=manual_stage_tools_20260213_092841 run=manual_input_stg_20260213_092839 parent=manual_input_stg_20260213_092839 layer=E_GX status=SUCCESS attempts=1 created=2026-02-13 12:28:41.107329 updated=2026-02-13 12:28:41.904183 error=None
[batch_id=10] dag=manual_stage_tools_20260213_092841 run=manual_input_stg_20260213_092839 parent=manual_input_stg_20260213_092839 layer=E_SODA status=SUCCESS attempts=1 created=2026-02-13 12:28:41.948943 updated=2026-02-13 12:28:42.050322 error=None
[batch_id=13] dag=manual_stage_tools_20260213_092841 run=manual_input_dds_20260213_092839 parent=manual_input_stg_20260213_092839 layer=T_DBT status=SUCCESS attempts=1 created=2026-02-13 12:28:42.090358 updated=2026-02-13 12:28:45.437682 error=None
[batch_id=16] dag=manual_stage_tools_20260213_092841 run=manual_input_dds_20260213_092839 parent=manual_input_stg_20260213_092839 layer=T_GX status=SUCCESS attempts=1 created=2026-02-13 12:28:45.510485 updated=2026-02-13 12:28:47.281588 error=None
[batch_id=19] dag=manual_stage_tools_20260213_092841 run=manual_input_dds_20260213_092839 parent=manual_input_stg_20260213_092839 layer=T_SODA status=SUCCESS attempts=1 created=2026-02-13 12:28:47.320725 updated=2026-02-13 12:28:47.471985 error=None
[batch_id=22] dag=manual_stage_tools_20260213_092841 run=manual_input_dds_20260213_092839 parent=manual_input_stg_20260213_092839 layer=T_SQL status=SUCCESS attempts=1 created=2026-02-13 12:28:47.504483 updated=2026-02-13 12:28:47.524936 error=None
[batch_id=25] dag=manual_stage_tools_20260213_092841 run=manual_input_dds_20260213_092839 parent=manual_input_stg_20260213_092839 layer=L_GX status=SUCCESS attempts=1 created=2026-02-13 12:28:47.597276 updated=2026-02-13 12:28:50.968898 error=None
[batch_id=28] dag=manual_stage_tools_20260213_092841 run=manual_input_dds_20260213_092839 parent=manual_input_stg_20260213_092839 layer=L_SODA status=SUCCESS attempts=1 created=2026-02-13 12:28:51.004238 updated=2026-02-13 12:28:51.264465 error=None
[batch_id=31] dag=manual_stage_tools_20260213_092841 run=manual_input_dds_20260213_092839 parent=manual_input_stg_20260213_092839 layer=L_DBT status=SUCCESS attempts=1 created=2026-02-13 12:28:51.301005 updated=2026-02-13 12:28:54.668555 error=None

=== VALIDATION RUNS ===
[validation_run_id=1] dag=manual_stage_tools_20260213_092841 run=manual_input_stg_20260213_092839 parent=manual_input_stg_20260213_092839 layer=E_GX tool=gx kind=baseline status=SUCCESS started=2026-02-13 09:28:41.103433 finished=2026-02-13 09:28:41.906371 duration_ms=802 checks_total=4 checks_failed=0
[validation_run_id=2] dag=manual_stage_tools_20260213_092841 run=manual_input_stg_20260213_092839 parent=manual_input_stg_20260213_092839 layer=E_SODA tool=soda kind=baseline status=SUCCESS started=2026-02-13 09:28:41.945939 finished=2026-02-13 09:28:42.051584 duration_ms=105 checks_total=4 checks_failed=0
[validation_run_id=3] dag=manual_stage_tools_20260213_092841 run=manual_input_dds_20260213_092839 parent=manual_input_stg_20260213_092839 layer=T_DBT tool=dbt kind=baseline status=SUCCESS started=2026-02-13 09:28:42.087364 finished=2026-02-13 09:28:45.438772 duration_ms=3351 checks_total=4 checks_failed=0
[validation_run_id=4] dag=manual_stage_tools_20260213_092841 run=manual_input_dds_20260213_092839 parent=manual_input_stg_20260213_092839 layer=T_GX tool=gx kind=baseline status=SUCCESS started=2026-02-13 09:28:45.506509 finished=2026-02-13 09:28:47.283836 duration_ms=1777 checks_total=4 checks_failed=0
[validation_run_id=5] dag=manual_stage_tools_20260213_092841 run=manual_input_dds_20260213_092839 parent=manual_input_stg_20260213_092839 layer=T_SODA tool=soda kind=baseline status=SUCCESS started=2026-02-13 09:28:47.316882 finished=2026-02-13 09:28:47.473462 duration_ms=156 checks_total=4 checks_failed=0
[validation_run_id=6] dag=manual_stage_tools_20260213_092841 run=manual_input_dds_20260213_092839 parent=manual_input_stg_20260213_092839 layer=T_SQL tool=sql kind=baseline status=SUCCESS started=2026-02-13 09:28:47.501035 finished=2026-02-13 09:28:47.526082 duration_ms=25 checks_total=4 checks_failed=0
[validation_run_id=7] dag=manual_stage_tools_20260213_092841 run=manual_input_dds_20260213_092839 parent=manual_input_stg_20260213_092839 layer=L_GX tool=gx kind=baseline status=SUCCESS started=2026-02-13 09:28:47.593490 finished=2026-02-13 09:28:50.970812 duration_ms=3376 checks_total=3 checks_failed=0
[validation_run_id=8] dag=manual_stage_tools_20260213_092841 run=manual_input_dds_20260213_092839 parent=manual_input_stg_20260213_092839 layer=L_SODA tool=soda kind=baseline status=SUCCESS started=2026-02-13 09:28:51.001126 finished=2026-02-13 09:28:51.265536 duration_ms=264 checks_total=3 checks_failed=0
[validation_run_id=9] dag=manual_stage_tools_20260213_092841 run=manual_input_dds_20260213_092839 parent=manual_input_stg_20260213_092839 layer=L_DBT tool=dbt kind=baseline status=SUCCESS started=2026-02-13 09:28:51.297391 finished=2026-02-13 09:28:54.670803 duration_ms=3373 checks_total=3 checks_failed=0
