=== ETL LOAD AUDIT ===
[audit_id=1] dag=manual_stg_input run=manual_input_stg_20260213_093510 layer=STG entity=raw_football_api status=STARTED started=2026-02-13 12:35:10.655030 finished=None rows=None message=None
[audit_id=2] dag=manual_stg_input run=manual_input_stg_20260213_093510 layer=STG entity=raw_football_api status=SUCCESS started=2026-02-13 12:35:11.517974 finished=2026-02-13 12:35:11.517974 rows=116 message=None
[audit_id=3] dag=manual_dds_input run=manual_input_dds_20260213_093510 layer=DDS entity=ALL status=STARTED started=2026-02-13 12:35:11.579172 finished=None rows=None message=None
[audit_id=4] dag=manual_dds_input run=manual_input_dds_20260213_093510 layer=DDS entity=dim_area status=SUCCESS started=2026-02-13 12:35:11.586377 finished=2026-02-13 12:35:11.586377 rows=272 message=None
[audit_id=5] dag=manual_dds_input run=manual_input_dds_20260213_093510 layer=DDS entity=dim_competition status=SUCCESS started=2026-02-13 12:35:11.590011 finished=2026-02-13 12:35:11.590011 rows=13 message=None
[audit_id=6] dag=manual_dds_input run=manual_input_dds_20260213_093510 layer=DDS entity=dim_team status=SUCCESS started=2026-02-13 12:35:11.599445 finished=2026-02-13 12:35:11.599445 rows=262 message=None
[audit_id=7] dag=manual_dds_input run=manual_input_dds_20260213_093510 layer=DDS entity=dim_season status=SUCCESS started=2026-02-13 12:35:11.630381 finished=2026-02-13 12:35:11.630381 rows=29 message=None
[audit_id=8] dag=manual_dds_input run=manual_input_dds_20260213_093510 layer=DDS entity=fact_match status=SUCCESS started=2026-02-13 12:35:11.813560 finished=2026-02-13 12:35:11.813560 rows=10178 message=None
[audit_id=9] dag=manual_dds_input run=manual_input_dds_20260213_093510 layer=DDS entity=fact_match_score status=SUCCESS started=2026-02-13 12:35:11.892710 finished=2026-02-13 12:35:11.892710 rows=10178 message=None
[audit_id=10] dag=manual_dds_input run=manual_input_dds_20260213_093510 layer=DDS entity=fact_standing status=SUCCESS started=2026-02-13 12:35:11.966631 finished=2026-02-13 12:35:11.966631 rows=1584 message=None
[audit_id=11] dag=manual_dds_input run=manual_input_dds_20260213_093510 layer=DDS entity=ALL status=SUCCESS started=2026-02-13 12:35:11.969427 finished=2026-02-13 12:35:11.969427 rows=None message=None

=== ETL BATCH STATUS ===
[batch_id=1] dag=manual_stg_input run=manual_input_stg_20260213_093510 parent=manual_input_stg_20260213_093510 layer=STG status=SUCCESS attempts=1 created=2026-02-13 12:35:10.658557 updated=2026-02-13 12:35:11.516043 error=None
[batch_id=4] dag=manual_dds_input run=manual_input_dds_20260213_093510 parent=manual_input_stg_20260213_093510 layer=DDS status=SUCCESS attempts=1 created=2026-02-13 12:35:11.552471 updated=2026-02-13 12:35:11.972302 error=None
[batch_id=7] dag=manual_stage_tools_20260213_093511 run=manual_input_stg_20260213_093510 parent=manual_input_stg_20260213_093510 layer=E_GX status=SUCCESS attempts=1 created=2026-02-13 12:35:12.072058 updated=2026-02-13 12:35:12.838852 error=None
[batch_id=10] dag=manual_stage_tools_20260213_093511 run=manual_input_stg_20260213_093510 parent=manual_input_stg_20260213_093510 layer=E_SODA status=SUCCESS attempts=1 created=2026-02-13 12:35:12.870077 updated=2026-02-13 12:35:12.975577 error=None
[batch_id=13] dag=manual_stage_tools_20260213_093511 run=manual_input_dds_20260213_093510 parent=manual_input_stg_20260213_093510 layer=T_DBT status=SUCCESS attempts=1 created=2026-02-13 12:35:12.997741 updated=2026-02-13 12:35:16.222709 error=None
[batch_id=16] dag=manual_stage_tools_20260213_093511 run=manual_input_dds_20260213_093510 parent=manual_input_stg_20260213_093510 layer=T_GX status=SUCCESS attempts=1 created=2026-02-13 12:35:16.302759 updated=2026-02-13 12:35:18.053088 error=None
[batch_id=19] dag=manual_stage_tools_20260213_093511 run=manual_input_dds_20260213_093510 parent=manual_input_stg_20260213_093510 layer=T_SODA status=SUCCESS attempts=1 created=2026-02-13 12:35:18.093684 updated=2026-02-13 12:35:18.241622 error=None
[batch_id=22] dag=manual_stage_tools_20260213_093511 run=manual_input_dds_20260213_093510 parent=manual_input_stg_20260213_093510 layer=T_SQL status=SUCCESS attempts=1 created=2026-02-13 12:35:18.280458 updated=2026-02-13 12:35:18.301115 error=None
[batch_id=25] dag=manual_stage_tools_20260213_093511 run=manual_input_dds_20260213_093510 parent=manual_input_stg_20260213_093510 layer=L_GX status=SUCCESS attempts=1 created=2026-02-13 12:35:18.374801 updated=2026-02-13 12:35:21.702595 error=None
[batch_id=28] dag=manual_stage_tools_20260213_093511 run=manual_input_dds_20260213_093510 parent=manual_input_stg_20260213_093510 layer=L_SODA status=SUCCESS attempts=1 created=2026-02-13 12:35:21.749358 updated=2026-02-13 12:35:22.008949 error=None
[batch_id=31] dag=manual_stage_tools_20260213_093511 run=manual_input_dds_20260213_093510 parent=manual_input_stg_20260213_093510 layer=L_DBT status=SUCCESS attempts=1 created=2026-02-13 12:35:22.042985 updated=2026-02-13 12:35:25.240852 error=None

=== VALIDATION RUNS ===
[validation_run_id=1] dag=manual_stage_tools_20260213_093511 run=manual_input_stg_20260213_093510 parent=manual_input_stg_20260213_093510 layer=E_GX tool=gx kind=baseline status=SUCCESS started=2026-02-13 09:35:12.068596 finished=2026-02-13 09:35:12.840531 duration_ms=772 checks_total=4 checks_failed=0
[validation_run_id=2] dag=manual_stage_tools_20260213_093511 run=manual_input_stg_20260213_093510 parent=manual_input_stg_20260213_093510 layer=E_SODA tool=soda kind=baseline status=SUCCESS started=2026-02-13 09:35:12.867066 finished=2026-02-13 09:35:12.977027 duration_ms=110 checks_total=4 checks_failed=0
[validation_run_id=3] dag=manual_stage_tools_20260213_093511 run=manual_input_dds_20260213_093510 parent=manual_input_stg_20260213_093510 layer=T_DBT tool=dbt kind=baseline status=SUCCESS started=2026-02-13 09:35:12.994743 finished=2026-02-13 09:35:16.224197 duration_ms=3229 checks_total=4 checks_failed=0
[validation_run_id=4] dag=manual_stage_tools_20260213_093511 run=manual_input_dds_20260213_093510 parent=manual_input_stg_20260213_093510 layer=T_GX tool=gx kind=baseline status=SUCCESS started=2026-02-13 09:35:16.299213 finished=2026-02-13 09:35:18.054566 duration_ms=1755 checks_total=4 checks_failed=0
[validation_run_id=5] dag=manual_stage_tools_20260213_093511 run=manual_input_dds_20260213_093510 parent=manual_input_stg_20260213_093510 layer=T_SODA tool=soda kind=baseline status=SUCCESS started=2026-02-13 09:35:18.090188 finished=2026-02-13 09:35:18.242998 duration_ms=152 checks_total=4 checks_failed=0
[validation_run_id=6] dag=manual_stage_tools_20260213_093511 run=manual_input_dds_20260213_093510 parent=manual_input_stg_20260213_093510 layer=T_SQL tool=sql kind=baseline status=SUCCESS started=2026-02-13 09:35:18.276885 finished=2026-02-13 09:35:18.302062 duration_ms=25 checks_total=4 checks_failed=0
[validation_run_id=7] dag=manual_stage_tools_20260213_093511 run=manual_input_dds_20260213_093510 parent=manual_input_stg_20260213_093510 layer=L_GX tool=gx kind=baseline status=SUCCESS started=2026-02-13 09:35:18.371163 finished=2026-02-13 09:35:21.704583 duration_ms=3333 checks_total=3 checks_failed=0
[validation_run_id=8] dag=manual_stage_tools_20260213_093511 run=manual_input_dds_20260213_093510 parent=manual_input_stg_20260213_093510 layer=L_SODA tool=soda kind=baseline status=SUCCESS started=2026-02-13 09:35:21.745064 finished=2026-02-13 09:35:22.009591 duration_ms=264 checks_total=3 checks_failed=0
[validation_run_id=9] dag=manual_stage_tools_20260213_093511 run=manual_input_dds_20260213_093510 parent=manual_input_stg_20260213_093510 layer=L_DBT tool=dbt kind=baseline status=SUCCESS started=2026-02-13 09:35:22.039209 finished=2026-02-13 09:35:25.242606 duration_ms=3203 checks_total=3 checks_failed=0
