=== ETL LOAD AUDIT ===
[audit_id=1] dag=manual_stg_input run=manual_input_stg_20260213_093332 layer=STG entity=raw_football_api status=STARTED started=2026-02-13 12:33:32.372938 finished=None rows=None message=None
[audit_id=2] dag=manual_stg_input run=manual_input_stg_20260213_093332 layer=STG entity=raw_football_api status=SUCCESS started=2026-02-13 12:33:33.247882 finished=2026-02-13 12:33:33.247882 rows=116 message=None
[audit_id=3] dag=manual_dds_input run=manual_input_dds_20260213_093332 layer=DDS entity=ALL status=STARTED started=2026-02-13 12:33:33.293822 finished=None rows=None message=None
[audit_id=4] dag=manual_dds_input run=manual_input_dds_20260213_093332 layer=DDS entity=dim_area status=SUCCESS started=2026-02-13 12:33:33.300847 finished=2026-02-13 12:33:33.300847 rows=272 message=None
[audit_id=5] dag=manual_dds_input run=manual_input_dds_20260213_093332 layer=DDS entity=dim_competition status=SUCCESS started=2026-02-13 12:33:33.304331 finished=2026-02-13 12:33:33.304331 rows=13 message=None
[audit_id=6] dag=manual_dds_input run=manual_input_dds_20260213_093332 layer=DDS entity=dim_team status=SUCCESS started=2026-02-13 12:33:33.314240 finished=2026-02-13 12:33:33.314240 rows=262 message=None
[audit_id=7] dag=manual_dds_input run=manual_input_dds_20260213_093332 layer=DDS entity=dim_season status=SUCCESS started=2026-02-13 12:33:33.339416 finished=2026-02-13 12:33:33.339416 rows=29 message=None
[audit_id=8] dag=manual_dds_input run=manual_input_dds_20260213_093332 layer=DDS entity=fact_match status=SUCCESS started=2026-02-13 12:33:33.536084 finished=2026-02-13 12:33:33.536084 rows=10178 message=None
[audit_id=9] dag=manual_dds_input run=manual_input_dds_20260213_093332 layer=DDS entity=fact_match_score status=SUCCESS started=2026-02-13 12:33:33.615921 finished=2026-02-13 12:33:33.615921 rows=10178 message=None
[audit_id=10] dag=manual_dds_input run=manual_input_dds_20260213_093332 layer=DDS entity=fact_standing status=SUCCESS started=2026-02-13 12:33:33.693090 finished=2026-02-13 12:33:33.693090 rows=1584 message=None
[audit_id=11] dag=manual_dds_input run=manual_input_dds_20260213_093332 layer=DDS entity=ALL status=SUCCESS started=2026-02-13 12:33:33.696113 finished=2026-02-13 12:33:33.696113 rows=None message=None

=== ETL BATCH STATUS ===
[batch_id=1] dag=manual_stg_input run=manual_input_stg_20260213_093332 parent=manual_input_stg_20260213_093332 layer=STG status=SUCCESS attempts=1 created=2026-02-13 12:33:32.376672 updated=2026-02-13 12:33:33.245926 error=None
[batch_id=4] dag=manual_dds_input run=manual_input_dds_20260213_093332 parent=manual_input_stg_20260213_093332 layer=DDS status=SUCCESS attempts=1 created=2026-02-13 12:33:33.261601 updated=2026-02-13 12:33:33.699271 error=None
[batch_id=7] dag=manual_stage_tools_20260213_093333 run=manual_input_stg_20260213_093332 parent=manual_input_stg_20260213_093332 layer=E_GX status=SUCCESS attempts=1 created=2026-02-13 12:33:33.819510 updated=2026-02-13 12:33:34.581839 error=None
[batch_id=10] dag=manual_stage_tools_20260213_093333 run=manual_input_stg_20260213_093332 parent=manual_input_stg_20260213_093332 layer=E_SODA status=SUCCESS attempts=1 created=2026-02-13 12:33:34.622834 updated=2026-02-13 12:33:34.723254 error=None
[batch_id=13] dag=manual_stage_tools_20260213_093333 run=manual_input_dds_20260213_093332 parent=manual_input_stg_20260213_093332 layer=T_DBT status=SUCCESS attempts=1 created=2026-02-13 12:33:34.762019 updated=2026-02-13 12:33:38.020338 error=None
[batch_id=16] dag=manual_stage_tools_20260213_093333 run=manual_input_dds_20260213_093332 parent=manual_input_stg_20260213_093332 layer=T_GX status=SUCCESS attempts=1 created=2026-02-13 12:33:38.094909 updated=2026-02-13 12:33:39.878171 error=None
[batch_id=19] dag=manual_stage_tools_20260213_093333 run=manual_input_dds_20260213_093332 parent=manual_input_stg_20260213_093332 layer=T_SODA status=SUCCESS attempts=1 created=2026-02-13 12:33:39.917729 updated=2026-02-13 12:33:40.070697 error=None
[batch_id=22] dag=manual_stage_tools_20260213_093333 run=manual_input_dds_20260213_093332 parent=manual_input_stg_20260213_093332 layer=T_SQL status=SUCCESS attempts=1 created=2026-02-13 12:33:40.102622 updated=2026-02-13 12:33:40.123773 error=None
[batch_id=25] dag=manual_stage_tools_20260213_093333 run=manual_input_dds_20260213_093332 parent=manual_input_stg_20260213_093332 layer=L_GX status=SUCCESS attempts=1 created=2026-02-13 12:33:40.211537 updated=2026-02-13 12:33:43.526256 error=None
[batch_id=28] dag=manual_stage_tools_20260213_093333 run=manual_input_dds_20260213_093332 parent=manual_input_stg_20260213_093332 layer=L_SODA status=SUCCESS attempts=1 created=2026-02-13 12:33:43.565226 updated=2026-02-13 12:33:43.833374 error=None
[batch_id=31] dag=manual_stage_tools_20260213_093333 run=manual_input_dds_20260213_093332 parent=manual_input_stg_20260213_093332 layer=L_DBT status=SUCCESS attempts=1 created=2026-02-13 12:33:43.876585 updated=2026-02-13 12:33:48.351408 error=None

=== VALIDATION RUNS ===
[validation_run_id=1] dag=manual_stage_tools_20260213_093333 run=manual_input_stg_20260213_093332 parent=manual_input_stg_20260213_093332 layer=E_GX tool=gx kind=baseline status=SUCCESS started=2026-02-13 09:33:33.816253 finished=2026-02-13 09:33:34.584264 duration_ms=768 checks_total=4 checks_failed=0
[validation_run_id=2] dag=manual_stage_tools_20260213_093333 run=manual_input_stg_20260213_093332 parent=manual_input_stg_20260213_093332 layer=E_SODA tool=soda kind=baseline status=SUCCESS started=2026-02-13 09:33:34.620091 finished=2026-02-13 09:33:34.724729 duration_ms=104 checks_total=4 checks_failed=0
[validation_run_id=3] dag=manual_stage_tools_20260213_093333 run=manual_input_dds_20260213_093332 parent=manual_input_stg_20260213_093332 layer=T_DBT tool=dbt kind=baseline status=SUCCESS started=2026-02-13 09:33:34.759144 finished=2026-02-13 09:33:38.021582 duration_ms=3262 checks_total=4 checks_failed=0
[validation_run_id=4] dag=manual_stage_tools_20260213_093333 run=manual_input_dds_20260213_093332 parent=manual_input_stg_20260213_093332 layer=T_GX tool=gx kind=baseline status=SUCCESS started=2026-02-13 09:33:38.091577 finished=2026-02-13 09:33:39.880292 duration_ms=1788 checks_total=4 checks_failed=0
[validation_run_id=5] dag=manual_stage_tools_20260213_093333 run=manual_input_dds_20260213_093332 parent=manual_input_stg_20260213_093332 layer=T_SODA tool=soda kind=baseline status=SUCCESS started=2026-02-13 09:33:39.914420 finished=2026-02-13 09:33:40.071839 duration_ms=157 checks_total=4 checks_failed=0
[validation_run_id=6] dag=manual_stage_tools_20260213_093333 run=manual_input_dds_20260213_093332 parent=manual_input_stg_20260213_093332 layer=T_SQL tool=sql kind=baseline status=SUCCESS started=2026-02-13 09:33:40.099472 finished=2026-02-13 09:33:40.125266 duration_ms=25 checks_total=4 checks_failed=0
[validation_run_id=7] dag=manual_stage_tools_20260213_093333 run=manual_input_dds_20260213_093332 parent=manual_input_stg_20260213_093332 layer=L_GX tool=gx kind=baseline status=SUCCESS started=2026-02-13 09:33:40.207938 finished=2026-02-13 09:33:43.528327 duration_ms=3320 checks_total=3 checks_failed=0
[validation_run_id=8] dag=manual_stage_tools_20260213_093333 run=manual_input_dds_20260213_093332 parent=manual_input_stg_20260213_093332 layer=L_SODA tool=soda kind=baseline status=SUCCESS started=2026-02-13 09:33:43.562005 finished=2026-02-13 09:33:43.834874 duration_ms=272 checks_total=3 checks_failed=0
[validation_run_id=9] dag=manual_stage_tools_20260213_093333 run=manual_input_dds_20260213_093332 parent=manual_input_stg_20260213_093332 layer=L_DBT tool=dbt kind=baseline status=SUCCESS started=2026-02-13 09:33:43.873232 finished=2026-02-13 09:33:48.352456 duration_ms=4479 checks_total=3 checks_failed=0
