2026-02-13 09:28:32,871 INFO root - Logs: D:\Study\10\git\etl-data-validation-kio\logs\manual_experiment_20260213_092832.log
2026-02-13 09:28:32,871 INFO root - Local input mode enabled. External football API client is not used in this run.
2026-02-13 09:28:40,561 INFO root - Loaded STG rows: 116
2026-02-13 09:28:40,613 INFO app2.dds.load_dds - Loading dim_area
2026-02-13 09:28:40,620 INFO app2.dds.load_dds - Loading dim_competition
2026-02-13 09:28:40,624 INFO app2.dds.load_dds - Loading dim_team
2026-02-13 09:28:40,634 INFO app2.dds.load_dds - Loading dim_season
2026-02-13 09:28:40,659 INFO app2.dds.load_dds - Loading fact_match
2026-02-13 09:28:40,837 INFO app2.dds.load_dds - Loading fact_match_score
2026-02-13 09:28:40,939 INFO app2.dds.load_dds - Loading fact_standing
2026-02-13 09:28:41,000 INFO root - DDS load finished: manual_input_dds_20260213_092839
2026-02-13 09:28:41,014 INFO root - Baseline IDs updated in config files
2026-02-13 09:28:41,053 INFO great_expectations.data_context.data_context.context_factory - Could not find local file-backed GX project
2026-02-13 09:28:41,054 INFO great_expectations.data_context.types.base - Created temporary directory 'C:\Users\PROFES~1\AppData\Local\Temp\tmpwv48jmnu' for ephemeral docs site
2026-02-13 09:28:41,055 INFO great_expectations.datasource.fluent.config - Loading 'datasources' ->
[]
2026-02-13 09:28:41,114 INFO great_expectations.datasource.data_connector.batch_filter - batch_slice: None was parsed to: slice(0, None, None)
2026-02-13 09:28:41,116 WARNING py.warnings - D:\Study\10\git\etl-data-validation-kio\.venv\Lib\site-packages\great_expectations\expectations\expectation.py:1519: UserWarning: `result_format` configured at the Validator-level will not be persisted. Please add the configuration to your Checkpoint config or checkpoint_run() method instead.
  warnings.warn(

2026-02-13 09:28:41,541 INFO great_expectations.validator.validator - 	4 expectation(s) included in expectation_suite.
2026-02-13 09:28:41,954 INFO soda.scan - [09:28:41] Soda Core 3.5.6
2026-02-13 09:28:42,003 INFO soda.scan - [09:28:42] Using DefaultSampler
2026-02-13 09:28:42,010 INFO soda.scan - [09:28:42] Using DefaultSampler
2026-02-13 09:28:42,021 INFO soda.scan - [09:28:42] Using DefaultSampler
2026-02-13 09:28:42,033 INFO soda.scan - [09:28:42] Using DefaultSampler
2026-02-13 09:28:42,033 INFO soda.scan - [09:28:42] Scan summary:
2026-02-13 09:28:42,033 INFO soda.scan - [09:28:42] 4/4 checks PASSED: 
2026-02-13 09:28:42,033 INFO soda.scan - [09:28:42]     stg_schema_matches_key_missing [PASSED]
2026-02-13 09:28:42,033 INFO soda.scan - [09:28:42]     stg_missing_match_id [PASSED]
2026-02-13 09:28:42,033 INFO soda.scan - [09:28:42]     stg_matchday_out_of_range [PASSED]
2026-02-13 09:28:42,033 INFO soda.scan - [09:28:42]     stg_duplicate_match_id [PASSED]
2026-02-13 09:28:42,033 INFO soda.scan - [09:28:42] All is good. No failures. No warnings. No errors.
2026-02-13 09:28:45,476 INFO great_expectations.data_context.data_context.context_factory - Could not find local file-backed GX project
2026-02-13 09:28:45,477 INFO great_expectations.data_context.types.base - Created temporary directory 'C:\Users\PROFES~1\AppData\Local\Temp\tmpmnbd0bcl' for ephemeral docs site
2026-02-13 09:28:45,478 INFO great_expectations.datasource.fluent.config - Loading 'datasources' ->
[]
2026-02-13 09:28:45,517 INFO great_expectations.datasource.data_connector.batch_filter - batch_slice: None was parsed to: slice(0, None, None)
2026-02-13 09:28:46,481 INFO great_expectations.validator.validator - 	4 expectation(s) included in expectation_suite.
2026-02-13 09:28:47,324 INFO soda.scan - [09:28:47] Soda Core 3.5.6
2026-02-13 09:28:47,361 INFO soda.scan - [09:28:47] Using DefaultSampler
2026-02-13 09:28:47,363 INFO soda.scan - [09:28:47] Using DefaultSampler
2026-02-13 09:28:47,452 INFO soda.scan - [09:28:47] Using DefaultSampler
2026-02-13 09:28:47,454 INFO soda.scan - [09:28:47] Using DefaultSampler
2026-02-13 09:28:47,454 INFO soda.scan - [09:28:47] Scan summary:
2026-02-13 09:28:47,454 INFO soda.scan - [09:28:47] 4/4 checks PASSED: 
2026-02-13 09:28:47,454 INFO soda.scan - [09:28:47]     dds_duplicate_fact_match [PASSED]
2026-02-13 09:28:47,454 INFO soda.scan - [09:28:47]     dds_missing_home_away_team [PASSED]
2026-02-13 09:28:47,454 INFO soda.scan - [09:28:47]     dds_referential_integrity_violation [PASSED]
2026-02-13 09:28:47,454 INFO soda.scan - [09:28:47]     dds_matchday_out_of_range [PASSED]
2026-02-13 09:28:47,455 INFO soda.scan - [09:28:47] All is good. No failures. No warnings. No errors.
2026-02-13 09:28:47,563 INFO great_expectations.data_context.data_context.context_factory - Could not find local file-backed GX project
2026-02-13 09:28:47,563 INFO great_expectations.data_context.types.base - Created temporary directory 'C:\Users\PROFES~1\AppData\Local\Temp\tmpa1tg_ra5' for ephemeral docs site
2026-02-13 09:28:47,564 INFO great_expectations.datasource.fluent.config - Loading 'datasources' ->
[]
2026-02-13 09:28:47,603 INFO great_expectations.datasource.data_connector.batch_filter - batch_slice: None was parsed to: slice(0, None, None)
2026-02-13 09:28:49,389 INFO great_expectations.validator.validator - 	3 expectation(s) included in expectation_suite.
2026-02-13 09:28:51,007 INFO soda.scan - [09:28:51] Soda Core 3.5.6
2026-02-13 09:28:51,069 INFO soda.scan - [09:28:51] Using DefaultSampler
2026-02-13 09:28:51,096 INFO soda.scan - [09:28:51] Using DefaultSampler
2026-02-13 09:28:51,251 INFO soda.scan - [09:28:51] Using DefaultSampler
2026-02-13 09:28:51,251 INFO soda.scan - [09:28:51] Scan summary:
2026-02-13 09:28:51,251 INFO soda.scan - [09:28:51] 3/3 checks PASSED: 
2026-02-13 09:28:51,251 INFO soda.scan - [09:28:51]     mart_kpi_rate_out_of_bounds [PASSED]
2026-02-13 09:28:51,251 INFO soda.scan - [09:28:51]     mart_kpi_missing_dates [PASSED]
2026-02-13 09:28:51,251 INFO soda.scan - [09:28:51]     mart_duplicate_team_rows [PASSED]
2026-02-13 09:28:51,251 INFO soda.scan - [09:28:51] All is good. No failures. No warnings. No errors.
2026-02-13 09:28:54,677 INFO root - Stage tool runs completed (report artifacts disabled)
2026-02-13 09:28:54,677 INFO root - Stage tool runs: 9
2026-02-13 09:28:54,766 INFO root - DB logs exported to: D:\Study\10\git\etl-data-validation-kio\logs\db_export_20260213_092854.log
2026-02-13 09:28:56,054 INFO root - Temporary DB container and volume removed
